This is XeTeX, Version 3.141592653-2.6-0.999996 (TeX Live 2024/Arch Linux) (preloaded format=xelatex 2024.6.7)  26 JUN 2024 19:30
entering extended mode
 \write18 enabled.
 %&-line parsing enabled.
**main.tex
(./main.tex
LaTeX2e <2023-11-01> patch level 1
L3 programming layer <2024-02-20>
(/usr/share/texmf-dist/tex/latex/base/book.cls
Document Class: book 2023/05/17 v1.4n Standard LaTeX document class
(/usr/share/texmf-dist/tex/latex/base/bk10.clo
File: bk10.clo 2023/05/17 v1.4n Standard LaTeX file (size option)
)
\c@part=\count184
\c@chapter=\count185
\c@section=\count186
\c@subsection=\count187
\c@subsubsection=\count188
\c@paragraph=\count189
\c@subparagraph=\count190
\c@figure=\count191
\c@table=\count192
\abovecaptionskip=\skip48
\belowcaptionskip=\skip49
\bibindent=\dimen140
)
(/usr/share/texmf-dist/tex/latex/tools/tabularx.sty
Package: tabularx 2023/07/08 v2.11c `tabularx' package (DPC)

(/usr/share/texmf-dist/tex/latex/tools/array.sty
Package: array 2023/10/16 v2.5g Tabular extension package (FMi)
\col@sep=\dimen141
\ar@mcellbox=\box51
\extrarowheight=\dimen142
\NC@list=\toks17
\extratabsurround=\skip50
\backup@length=\skip51
\ar@cellbox=\box52
)
\TX@col@width=\dimen143
\TX@old@table=\dimen144
\TX@old@col=\dimen145
\TX@target=\dimen146
\TX@delta=\dimen147
\TX@cols=\count193
\TX@ftn=\toks18
)
(/usr/share/texmf-dist/tex/latex/graphics/graphicx.sty
Package: graphicx 2021/09/16 v1.2d Enhanced LaTeX Graphics (DPC,SPQR)

(/usr/share/texmf-dist/tex/latex/graphics/keyval.sty
Package: keyval 2022/05/29 v1.15 key=value parser (DPC)
\KV@toks@=\toks19
)
(/usr/share/texmf-dist/tex/latex/graphics/graphics.sty
Package: graphics 2022/03/10 v1.4e Standard LaTeX Graphics (DPC,SPQR)

(/usr/share/texmf-dist/tex/latex/graphics/trig.sty
Package: trig 2021/08/11 v1.11 sin cos tan (DPC)
)
(/usr/share/texmf-dist/tex/latex/graphics-cfg/graphics.cfg
File: graphics.cfg 2016/06/04 v1.11 sample graphics configuration
)
Package graphics Info: Driver file: xetex.def on input line 107.

(/usr/share/texmf-dist/tex/latex/graphics-def/xetex.def
File: xetex.def 2022/09/22 v5.0n Graphics/color driver for xetex
))
\Gin@req@height=\dimen148
\Gin@req@width=\dimen149
)
(/usr/share/texmf-dist/tex/latex/hyperref/hyperref.sty
Package: hyperref 2024-01-20 v7.01h Hypertext links for LaTeX

(/usr/share/texmf-dist/tex/generic/iftex/iftex.sty
Package: iftex 2022/02/03 v1.0f TeX engine tests
)
(/usr/share/texmf-dist/tex/latex/kvsetkeys/kvsetkeys.sty
Package: kvsetkeys 2022-10-05 v1.19 Key value parser (HO)
)
(/usr/share/texmf-dist/tex/generic/kvdefinekeys/kvdefinekeys.sty
Package: kvdefinekeys 2019-12-19 v1.6 Define keys (HO)
)
(/usr/share/texmf-dist/tex/generic/pdfescape/pdfescape.sty
Package: pdfescape 2019/12/09 v1.15 Implements pdfTeX's escape features (HO)

(/usr/share/texmf-dist/tex/generic/ltxcmds/ltxcmds.sty
Package: ltxcmds 2023-12-04 v1.26 LaTeX kernel commands for general use (HO)
)
(/usr/share/texmf-dist/tex/generic/pdftexcmds/pdftexcmds.sty
Package: pdftexcmds 2020-06-27 v0.33 Utility functions of pdfTeX for LuaTeX (HO
)

(/usr/share/texmf-dist/tex/generic/infwarerr/infwarerr.sty
Package: infwarerr 2019/12/03 v1.5 Providing info/warning/error messages (HO)
)
Package pdftexcmds Info: \pdf@primitive is available.
Package pdftexcmds Info: \pdf@ifprimitive is available.
Package pdftexcmds Info: \pdfdraftmode not found.
))
(/usr/share/texmf-dist/tex/latex/hycolor/hycolor.sty
Package: hycolor 2020-01-27 v1.10 Color options for hyperref/bookmark (HO)
)
(/usr/share/texmf-dist/tex/latex/auxhook/auxhook.sty
Package: auxhook 2019-12-17 v1.6 Hooks for auxiliary files (HO)
)
(/usr/share/texmf-dist/tex/latex/hyperref/nameref.sty
Package: nameref 2023-11-26 v2.56 Cross-referencing by name of section

(/usr/share/texmf-dist/tex/latex/refcount/refcount.sty
Package: refcount 2019/12/15 v3.6 Data extraction from label references (HO)
)
(/usr/share/texmf-dist/tex/generic/gettitlestring/gettitlestring.sty
Package: gettitlestring 2019/12/15 v1.6 Cleanup title references (HO)

(/usr/share/texmf-dist/tex/latex/kvoptions/kvoptions.sty
Package: kvoptions 2022-06-15 v3.15 Key value format for package options (HO)
))
\c@section@level=\count194
)
(/usr/share/texmf-dist/tex/latex/etoolbox/etoolbox.sty
Package: etoolbox 2020/10/05 v2.5k e-TeX tools for LaTeX (JAW)
\etb@tempcnta=\count195
)
\@linkdim=\dimen150
\Hy@linkcounter=\count196
\Hy@pagecounter=\count197

(/usr/share/texmf-dist/tex/latex/hyperref/pd1enc.def
File: pd1enc.def 2024-01-20 v7.01h Hyperref: PDFDocEncoding definition (HO)
)
(/usr/share/texmf-dist/tex/generic/intcalc/intcalc.sty
Package: intcalc 2019/12/15 v1.3 Expandable calculations with integers (HO)
)
\Hy@SavedSpaceFactor=\count198

(/usr/share/texmf-dist/tex/latex/hyperref/puenc.def
File: puenc.def 2024-01-20 v7.01h Hyperref: PDF Unicode definition (HO)
)
Package hyperref Info: Hyper figures OFF on input line 4179.
Package hyperref Info: Link nesting OFF on input line 4184.
Package hyperref Info: Hyper index ON on input line 4187.
Package hyperref Info: Plain pages OFF on input line 4194.
Package hyperref Info: Backreferencing OFF on input line 4199.
Package hyperref Info: Implicit mode ON; LaTeX internals redefined.
Package hyperref Info: Bookmarks ON on input line 4446.
\c@Hy@tempcnt=\count199

(/usr/share/texmf-dist/tex/latex/url/url.sty
\Urlmuskip=\muskip16
Package: url 2013/09/16  ver 3.4  Verb mode for urls, etc.
)
LaTeX Info: Redefining \url on input line 4784.
\XeTeXLinkMargin=\dimen151

(/usr/share/texmf-dist/tex/generic/bitset/bitset.sty
Package: bitset 2019/12/09 v1.3 Handle bit-vector datatype (HO)

(/usr/share/texmf-dist/tex/generic/bigintcalc/bigintcalc.sty
Package: bigintcalc 2019/12/15 v1.5 Expandable calculations on big integers (HO
)
))
\Fld@menulength=\count266
\Field@Width=\dimen152
\Fld@charsize=\dimen153
Package hyperref Info: Hyper figures OFF on input line 6063.
Package hyperref Info: Link nesting OFF on input line 6068.
Package hyperref Info: Hyper index ON on input line 6071.
Package hyperref Info: backreferencing OFF on input line 6078.
Package hyperref Info: Link coloring OFF on input line 6083.
Package hyperref Info: Link coloring with OCG OFF on input line 6088.
Package hyperref Info: PDF/A mode OFF on input line 6093.

(/usr/share/texmf-dist/tex/latex/base/atbegshi-ltx.sty
Package: atbegshi-ltx 2021/01/10 v1.0c Emulation of the original atbegshi
package with kernel methods
)
\Hy@abspage=\count267
\c@Item=\count268
\c@Hfootnote=\count269
)
Package hyperref Info: Driver (autodetected): hxetex.

(/usr/share/texmf-dist/tex/latex/hyperref/hxetex.def
File: hxetex.def 2024-01-20 v7.01h Hyperref driver for XeTeX

(/usr/share/texmf-dist/tex/generic/stringenc/stringenc.sty
Package: stringenc 2019/11/29 v1.12 Convert strings between diff. encodings (HO
)
)
\pdfm@box=\box53
\c@Hy@AnnotLevel=\count270
\HyField@AnnotCount=\count271
\Fld@listcount=\count272
\c@bookmark@seq@number=\count273

(/usr/share/texmf-dist/tex/latex/rerunfilecheck/rerunfilecheck.sty
Package: rerunfilecheck 2022-07-10 v1.10 Rerun checks for auxiliary files (HO)

(/usr/share/texmf-dist/tex/latex/base/atveryend-ltx.sty
Package: atveryend-ltx 2020/08/19 v1.0a Emulation of the original atveryend pac
kage
with kernel methods
)
(/usr/share/texmf-dist/tex/generic/uniquecounter/uniquecounter.sty
Package: uniquecounter 2019/12/15 v1.4 Provide unlimited unique counter (HO)
)
Package uniquecounter Info: New unique counter `rerunfilecheck' on input line 2
85.
)
\Hy@SectionHShift=\skip52
)
(/usr/share/texmf-dist/tex/latex/fontspec/fontspec.sty
(/usr/share/texmf-dist/tex/latex/l3packages/xparse/xparse.sty
(/usr/share/texmf-dist/tex/latex/l3kernel/expl3.sty
Package: expl3 2024-02-20 L3 programming layer (loader) 

(/usr/share/texmf-dist/tex/latex/l3backend/l3backend-xetex.def
File: l3backend-xetex.def 2024-02-20 L3 backend support: XeTeX
\g__graphics_track_int=\count274
\l__pdf_internal_box=\box54
\g__pdf_backend_object_int=\count275
\g__pdf_backend_annotation_int=\count276
\g__pdf_backend_link_int=\count277
))
Package: xparse 2024-02-18 L3 Experimental document command parser
)
Package: fontspec 2024/02/13 v2.9a Font selection for XeLaTeX and LuaLaTeX

(/usr/share/texmf-dist/tex/latex/fontspec/fontspec-xetex.sty
Package: fontspec-xetex 2024/02/13 v2.9a Font selection for XeLaTeX and LuaLaTe
X
\l__fontspec_script_int=\count278
\l__fontspec_language_int=\count279
\l__fontspec_strnum_int=\count280
\l__fontspec_tmp_int=\count281
\l__fontspec_tmpa_int=\count282
\l__fontspec_tmpb_int=\count283
\l__fontspec_tmpc_int=\count284
\l__fontspec_em_int=\count285
\l__fontspec_emdef_int=\count286
\l__fontspec_strong_int=\count287
\l__fontspec_strongdef_int=\count288
\l__fontspec_tmpa_dim=\dimen154
\l__fontspec_tmpb_dim=\dimen155
\l__fontspec_tmpc_dim=\dimen156

(/usr/share/texmf-dist/tex/latex/base/fontenc.sty
Package: fontenc 2021/04/29 v2.0v Standard LaTeX package
)
(/usr/share/texmf-dist/tex/latex/fontspec/fontspec.cfg)))
(/usr/share/texmf-dist/tex/latex/minted/minted.sty
Package: minted 2023/12/18 v2.9 Yet another Pygments shim for LaTeX

(/usr/share/texmf-dist/tex/latex/fvextra/fvextra.sty
Package: fvextra 2023/11/28 v1.6.1 fvextra - extensions and patches for fancyvr
b

(/usr/share/texmf-dist/tex/latex/fancyvrb/fancyvrb.sty
Package: fancyvrb 2024/01/20 4.5c verbatim text (tvz,hv)
\FV@CodeLineNo=\count289
\FV@InFile=\read2
\FV@TabBox=\box55
\c@FancyVerbLine=\count290
\FV@StepNumber=\count291
\FV@OutFile=\write3
)
(/usr/share/texmf-dist/tex/latex/upquote/upquote.sty
Package: upquote 2012/04/19 v1.3 upright-quote and grave-accent glyphs in verba
tim

(/usr/share/texmf-dist/tex/latex/base/textcomp.sty
Package: textcomp 2020/02/02 v2.0n Standard LaTeX package
))
(/usr/share/texmf-dist/tex/latex/lineno/lineno.sty
Package: lineno 2023/05/20 line numbers on paragraphs v5.3
Invalid UTF-8 byte or sequence at line 292 replaced by U+FFFD.
\linenopenalty=\count292
\output=\toks20
\linenoprevgraf=\count293
\linenumbersep=\dimen157
\linenumberwidth=\dimen158
\c@linenumber=\count294
\c@pagewiselinenumber=\count295
\c@LN@truepage=\count296
\c@internallinenumber=\count297
\c@internallinenumbers=\count298
\quotelinenumbersep=\dimen159
\bframerule=\dimen160
\bframesep=\dimen161
\bframebox=\box56
LaTeX Info: Redefining \\ on input line 3180.
)
\c@FancyVerbWriteLine=\count299
\c@FancyVerbBufferIndex=\count300
\c@FancyVerbBufferLength=\count301
\c@FancyVerbBufferLine=\count302
\c@FV@oldbufferlength=\count303
\c@FV@TrueTabGroupLevel=\count304
\c@FV@TrueTabCounter=\count305
\FV@TabBox@Group=\box57
\FV@TmpLength=\skip53
\c@FV@HighlightLinesStart=\count306
\c@FV@HighlightLinesStop=\count307
\FV@LoopCount=\count308
\FV@NCharsBox=\box58
\FV@BreakIndent=\dimen162
\FV@BreakIndentNChars=\count309
\FV@BreakSymbolSepLeft=\dimen163
\FV@BreakSymbolSepLeftNChars=\count310
\FV@BreakSymbolSepRight=\dimen164
\FV@BreakSymbolSepRightNChars=\count311
\FV@BreakSymbolIndentLeft=\dimen165
\FV@BreakSymbolIndentLeftNChars=\count312
\FV@BreakSymbolIndentRight=\dimen166
\FV@BreakSymbolIndentRightNChars=\count313
\c@FancyVerbLineBreakLast=\count314
\FV@LineBox=\box59
\FV@LineIndentBox=\box60
\c@FV@BreakBufferDepth=\count315
\FV@LineWidth=\dimen167
)
(/usr/share/texmf-dist/tex/latex/base/ifthen.sty
Package: ifthen 2022/04/13 v1.1d Standard LaTeX ifthen package (DPC)
)
(/usr/share/texmf-dist/tex/latex/tools/shellesc.sty
Package: shellesc 2023/07/08 v1.0d unified shell escape interface for LaTeX
Package shellesc Info: Unrestricted shell escape enabled on input line 75.
)
(/usr/share/texmf-dist/tex/latex/ifplatform/ifplatform.sty
Package: ifplatform 2017/10/13 v0.4a Testing for the operating system

(/usr/share/texmf-dist/tex/generic/catchfile/catchfile.sty
Package: catchfile 2019/12/09 v1.8 Catch the contents of a file (HO)

(/usr/share/texmf-dist/tex/generic/etexcmds/etexcmds.sty
Package: etexcmds 2019/12/15 v1.7 Avoid name clashes with e-TeX commands (HO)
))
(/usr/share/texmf-dist/tex/generic/iftex/ifluatex.sty
Package: ifluatex 2019/10/25 v1.5 ifluatex legacy package. Use iftex instead.
)
runsystem(uname -s > "main.w18")...executed.

 (./main.w18)
runsystem(rm -- "main.w18")...executed.

)
(/usr/share/texmf-dist/tex/generic/xstring/xstring.sty
(/usr/share/texmf-dist/tex/generic/xstring/xstring.tex
\xs_counta=\count316
\xs_countb=\count317
)
Package: xstring 2023/08/22 v1.86 String manipulations (CT)
)
(/usr/share/texmf-dist/tex/latex/framed/framed.sty
Package: framed 2011/10/22 v 0.96: framed or shaded text with page breaks
\OuterFrameSep=\skip54
\fb@frw=\dimen168
\fb@frh=\dimen169
\FrameRule=\dimen170
\FrameSep=\dimen171
)
(/usr/share/texmf-dist/tex/latex/float/float.sty
Package: float 2001/11/08 v1.3d Float enhancements (AL)
\c@float@type=\count318
\float@exts=\toks21
\float@box=\box61
\@float@everytoks=\toks22
\@floatcapt=\box62
)
\minted@appexistsfile=\read3
\minted@bgbox=\box63
\minted@code=\write4
\c@minted@FancyVerbLineTemp=\count319
\c@minted@pygmentizecounter=\count320
\@float@every@listing=\toks23
\c@listing=\count321
)
runsystem(mkdir -p _minted-main)...executed.


Package fontspec Info: Font family 'IosevkaTermSlabNerdFont(0)' created for
(fontspec)             font 'IosevkaTermSlab Nerd Font' with options
(fontspec)             [Ligatures=TeX].
(fontspec)              
(fontspec)              This font family consists of the following NFSS
(fontspec)             series/shapes:
(fontspec)              
(fontspec)             - 'normal' (m/n) with NFSS spec.: <->"IosevkaTermSlab
(fontspec)             Nerd
(fontspec)             Font/OT:script=latn;language=dflt;mapping=tex-text;"
(fontspec)             - 'small caps'  (m/sc) with NFSS spec.: 
(fontspec)             - 'bold' (b/n) with NFSS spec.: <->"IosevkaTermSlab
(fontspec)             Nerd
(fontspec)             Font/B/OT:script=latn;language=dflt;mapping=tex-text;"
(fontspec)             - 'bold small caps'  (b/sc) with NFSS spec.: 
(fontspec)             - 'italic' (m/it) with NFSS spec.: <->"IosevkaTermSlab
(fontspec)             Nerd
(fontspec)             Font/I/OT:script=latn;language=dflt;mapping=tex-text;"
(fontspec)             - 'italic small caps'  (m/scit) with NFSS spec.: 
(fontspec)             - 'bold italic' (b/it) with NFSS spec.:
(fontspec)             <->"IosevkaTermSlab Nerd
(fontspec)             Font/BI/OT:script=latn;language=dflt;mapping=tex-text;"
(fontspec)             - 'bold italic small caps'  (b/scit) with NFSS spec.: 


(/usr/share/texmf-dist/tex/latex/xcolor/xcolor.sty
Package: xcolor 2023/11/15 v3.01 LaTeX color extensions (UK)

(/usr/share/texmf-dist/tex/latex/graphics-cfg/color.cfg
File: color.cfg 2016/01/02 v1.6 sample color configuration
)
Package xcolor Info: Driver file: xetex.def on input line 274.

(/usr/share/texmf-dist/tex/latex/graphics/mathcolor.ltx)
Package xcolor Info: Model `cmy' substituted by `cmy0' on input line 1350.
Package xcolor Info: Model `RGB' extended on input line 1366.
Package xcolor Info: Model `HTML' substituted by `rgb' on input line 1368.
Package xcolor Info: Model `Hsb' substituted by `hsb' on input line 1369.
Package xcolor Info: Model `tHsb' substituted by `hsb' on input line 1370.
Package xcolor Info: Model `HSB' substituted by `hsb' on input line 1371.
Package xcolor Info: Model `Gray' substituted by `gray' on input line 1372.
Package xcolor Info: Model `wave' substituted by `hsb' on input line 1373.
)
runsystem(command -v pygmentize && touch main.aex)...executed.

runsystem(rm main.aex)...executed.

 (./main.aux)
\openout1 = `main.aux'.

LaTeX Font Info:    Checking defaults for OML/cmm/m/it on input line 19.
LaTeX Font Info:    ... okay on input line 19.
LaTeX Font Info:    Checking defaults for OMS/cmsy/m/n on input line 19.
LaTeX Font Info:    ... okay on input line 19.
LaTeX Font Info:    Checking defaults for OT1/cmr/m/n on input line 19.
LaTeX Font Info:    ... okay on input line 19.
LaTeX Font Info:    Checking defaults for T1/cmr/m/n on input line 19.
LaTeX Font Info:    ... okay on input line 19.
LaTeX Font Info:    Checking defaults for TS1/cmr/m/n on input line 19.
LaTeX Font Info:    Trying to load font information for TS1+cmr on input line 1
9.

(/usr/share/texmf-dist/tex/latex/base/ts1cmr.fd
File: ts1cmr.fd 2023/04/13 v2.5m Standard LaTeX font definitions
)
LaTeX Font Info:    ... okay on input line 19.
LaTeX Font Info:    Checking defaults for TU/lmr/m/n on input line 19.
LaTeX Font Info:    ... okay on input line 19.
LaTeX Font Info:    Checking defaults for OMX/cmex/m/n on input line 19.
LaTeX Font Info:    ... okay on input line 19.
LaTeX Font Info:    Checking defaults for U/cmr/m/n on input line 19.
LaTeX Font Info:    ... okay on input line 19.
LaTeX Font Info:    Checking defaults for PD1/pdf/m/n on input line 19.
LaTeX Font Info:    ... okay on input line 19.
LaTeX Font Info:    Checking defaults for PU/pdf/m/n on input line 19.
LaTeX Font Info:    ... okay on input line 19.
Package hyperref Info: Link coloring OFF on input line 19.
 (./main.out) (./main.out)
\@outlinefile=\write5
\openout5 = `main.out'.


Package fontspec Info: Adjusting the maths setup (use [no-math] to avoid
(fontspec)             this).

\symlegacymaths=\mathgroup4
LaTeX Font Info:    Overwriting symbol font `legacymaths' in version `bold'
(Font)                  OT1/cmr/m/n --> OT1/cmr/bx/n on input line 19.
LaTeX Font Info:    Redeclaring math accent \acute on input line 19.
LaTeX Font Info:    Redeclaring math accent \grave on input line 19.
LaTeX Font Info:    Redeclaring math accent \ddot on input line 19.
LaTeX Font Info:    Redeclaring math accent \tilde on input line 19.
LaTeX Font Info:    Redeclaring math accent \bar on input line 19.
LaTeX Font Info:    Redeclaring math accent \breve on input line 19.
LaTeX Font Info:    Redeclaring math accent \check on input line 19.
LaTeX Font Info:    Redeclaring math accent \hat on input line 19.
LaTeX Font Info:    Redeclaring math accent \dot on input line 19.
LaTeX Font Info:    Redeclaring math accent \mathring on input line 19.
LaTeX Font Info:    Redeclaring math symbol \colon on input line 19.
LaTeX Font Info:    Redeclaring math symbol \Gamma on input line 19.
LaTeX Font Info:    Redeclaring math symbol \Delta on input line 19.
LaTeX Font Info:    Redeclaring math symbol \Theta on input line 19.
LaTeX Font Info:    Redeclaring math symbol \Lambda on input line 19.
LaTeX Font Info:    Redeclaring math symbol \Xi on input line 19.
LaTeX Font Info:    Redeclaring math symbol \Pi on input line 19.
LaTeX Font Info:    Redeclaring math symbol \Sigma on input line 19.
LaTeX Font Info:    Redeclaring math symbol \Upsilon on input line 19.
LaTeX Font Info:    Redeclaring math symbol \Phi on input line 19.
LaTeX Font Info:    Redeclaring math symbol \Psi on input line 19.
LaTeX Font Info:    Redeclaring math symbol \Omega on input line 19.
LaTeX Font Info:    Redeclaring math symbol \mathdollar on input line 19.
LaTeX Font Info:    Redeclaring symbol font `operators' on input line 19.
LaTeX Font Info:    Encoding `OT1' has changed to `TU' for symbol font
(Font)              `operators' in the math version `normal' on input line 19.
LaTeX Font Info:    Overwriting symbol font `operators' in version `normal'
(Font)                  OT1/cmr/m/n --> TU/IosevkaTermSlabNerdFont(0)/m/n on in
put line 19.
LaTeX Font Info:    Encoding `OT1' has changed to `TU' for symbol font
(Font)              `operators' in the math version `bold' on input line 19.
LaTeX Font Info:    Overwriting symbol font `operators' in version `bold'
(Font)                  OT1/cmr/bx/n --> TU/IosevkaTermSlabNerdFont(0)/m/n on i
nput line 19.
LaTeX Font Info:    Overwriting symbol font `operators' in version `normal'
(Font)                  TU/IosevkaTermSlabNerdFont(0)/m/n --> TU/IosevkaTermSla
bNerdFont(0)/m/n on input line 19.
LaTeX Font Info:    Overwriting math alphabet `\mathit' in version `normal'
(Font)                  OT1/cmr/m/it --> TU/IosevkaTermSlabNerdFont(0)/m/it on 
input line 19.
LaTeX Font Info:    Overwriting math alphabet `\mathbf' in version `normal'
(Font)                  OT1/cmr/bx/n --> TU/IosevkaTermSlabNerdFont(0)/b/n on i
nput line 19.
LaTeX Font Info:    Overwriting math alphabet `\mathsf' in version `normal'
(Font)                  OT1/cmss/m/n --> TU/lmss/m/n on input line 19.
LaTeX Font Info:    Overwriting math alphabet `\mathtt' in version `normal'
(Font)                  OT1/cmtt/m/n --> TU/lmtt/m/n on input line 19.
LaTeX Font Info:    Overwriting symbol font `operators' in version `bold'
(Font)                  TU/IosevkaTermSlabNerdFont(0)/m/n --> TU/IosevkaTermSla
bNerdFont(0)/b/n on input line 19.
LaTeX Font Info:    Overwriting math alphabet `\mathit' in version `bold'
(Font)                  OT1/cmr/bx/it --> TU/IosevkaTermSlabNerdFont(0)/b/it on
 input line 19.
LaTeX Font Info:    Overwriting math alphabet `\mathsf' in version `bold'
(Font)                  OT1/cmss/bx/n --> TU/lmss/b/n on input line 19.
LaTeX Font Info:    Overwriting math alphabet `\mathtt' in version `bold'
(Font)                  OT1/cmtt/m/n --> TU/lmtt/b/n on input line 19.
LaTeX Font Info:    External font `cmex10' loaded for size
(Font)              <12> on input line 22.
LaTeX Font Info:    External font `cmex10' loaded for size
(Font)              <8> on input line 22.
LaTeX Font Info:    External font `cmex10' loaded for size
(Font)              <6> on input line 22.

[1


]
LaTeX Font Info:    Font shape `TU/IosevkaTermSlabNerdFont(0)/m/sl' in size <10
> not available
(Font)              Font shape `TU/IosevkaTermSlabNerdFont(0)/m/it' tried inste
ad on input line 81.
 [2] [3] [4

]
Chapter 1.
LaTeX Font Info:    External font `cmex10' loaded for size
(Font)              <7> on input line 100.
LaTeX Font Info:    External font `cmex10' loaded for size
(Font)              <5> on input line 100.

Underfull \hbox (badness 10000) in paragraph at lines 104--108

 []

[5] [6

]
Chapter 2.
File: ../pngs/package.png Graphic file (type bmp)
<../pngs/package.png>
[7]
\openout3 = `main.pyg'.

 (./_minted-main/default.pygstyle)
(./_minted-main/393C893ED4C0D101AF7A22EA2BA4219DDEDC15E9BF0CEAD4BE29503833332C2
6.pygtex
LaTeX Font Info:    Font shape `TU/lmtt/bx/n' in size <10> not available
(Font)              Font shape `TU/lmtt/b/n' tried instead on input line 2.
) [8]
\openout3 = `main.pyg'.


(./_minted-main/791BEBCEAFB93CD88B2182A69A044F0ADEDC15E9BF0CEAD4BE29503833332C2
6.pygtex)
Overfull \hbox (369.80005pt too wide) in paragraph at lines 205--218
 [] 
 []

\openout3 = `main.pyg'.


(./_minted-main/84E028A1D5D43E3C6DA8DFAEA0382017DEDC15E9BF0CEAD4BE29503833332C2
6.pygtex [9])
\openout3 = `main.pyg'.


(./_minted-main/5965F42DF63DC73A7682A18125799759DEDC15E9BF0CEAD4BE29503833332C2
6.pygtex)
\openout3 = `main.pyg'.


(./_minted-main/20F43F7CCF80DCD18C56318202EC7472DEDC15E9BF0CEAD4BE29503833332C2
6.pygtex [10]) [11]
\openout3 = `main.pyg'.


(./_minted-main/191C050A868280D193F27810FFD86FFDDEDC15E9BF0CEAD4BE29503833332C2
6.pygtex)
\openout3 = `main.pyg'.


(./_minted-main/7F2E821620BDB2BA6F8A21078FCB94E5DEDC15E9BF0CEAD4BE29503833332C2
6.pygtex [12])
\openout3 = `main.pyg'.


(./_minted-main/EC5E6A729A76FC3F208E53A9B87CEDEBDEDC15E9BF0CEAD4BE29503833332C2
6.pygtex)
\openout3 = `main.pyg'.


(./_minted-main/52930EBB69872703409C25FB59683AD9DEDC15E9BF0CEAD4BE29503833332C2
6.pygtex [13])
\openout3 = `main.pyg'.


(./_minted-main/7D8FF499ED65839BF6B3DD1DFBA12E4CDEDC15E9BF0CEAD4BE29503833332C2
6.pygtex)
\openout3 = `main.pyg'.


(./_minted-main/653B4FE5B96642BA85F8DC1C18874AF7DEDC15E9BF0CEAD4BE29503833332C2
6.pygtex [14])
\openout3 = `main.pyg'.


(./_minted-main/A387E99AD503834021A45F15022E68F1DEDC15E9BF0CEAD4BE29503833332C2
6.pygtex)
\openout3 = `main.pyg'.


(./_minted-main/812FAC3A702BCA912C9830AC93267FAEDEDC15E9BF0CEAD4BE29503833332C2
6.pygtex)
\openout3 = `main.pyg'.


(./_minted-main/362CA70D0F8048A71AFD1905A2868979DEDC15E9BF0CEAD4BE29503833332C2
6.pygtex [15])
\openout3 = `main.pyg'.


(./_minted-main/65819FCBD95331D83B5554795B7AB108DEDC15E9BF0CEAD4BE29503833332C2
6.pygtex)
LaTeX Font Info:    Font shape `TU/lmtt/bx/n' in size <12> not available
(Font)              Font shape `TU/lmtt/b/n' tried instead on input line 510.

Overfull \hbox (34.72755pt too wide) in paragraph at lines 513--524
 [] 
 []

[16]
\openout3 = `main.pyg'.


(./_minted-main/FA85E8318180185A4D622B401B7A4D59DEDC15E9BF0CEAD4BE29503833332C2
6.pygtex [17])
\openout3 = `main.pyg'.


(./_minted-main/6D9FAEB131B053289C3F6970F2EC0931DEDC15E9BF0CEAD4BE29503833332C2
6.pygtex)
\openout3 = `main.pyg'.


(./_minted-main/C61BE1CA68FD05FD4FAD0A7773F2D889DEDC15E9BF0CEAD4BE29503833332C2
6.pygtex [18])
\openout3 = `main.pyg'.


(./_minted-main/7F0D460A643E3491F1D24A400D999F9BDEDC15E9BF0CEAD4BE29503833332C2
6.pygtex [19])
\openout3 = `main.pyg'.


(./_minted-main/6945C550316D24ECFEC2B3A9299E32D9DEDC15E9BF0CEAD4BE29503833332C2
6.pygtex)
\openout3 = `main.pyg'.


(./_minted-main/BDCFA1AADAC88D4D9E54BC3B698E6029DEDC15E9BF0CEAD4BE29503833332C2
6.pygtex [20])
\openout3 = `main.pyg'.


(./_minted-main/B86B4E177EB784B9F22DD15AD6CABF9ADEDC15E9BF0CEAD4BE29503833332C2
6.pygtex)
\openout3 = `main.pyg'.


(./_minted-main/F70B5FE6E86A5073CBF43A2EE22A9ED8DEDC15E9BF0CEAD4BE29503833332C2
6.pygtex [21])
\openout3 = `main.pyg'.


(./_minted-main/3E7DB02B484070AD6F97C1D0C27D2EC0DEDC15E9BF0CEAD4BE29503833332C2
6.pygtex)
Missing character: There is no 🏃 (U+1F3C3) in font [lmmonolt10-bold]:!
\openout3 = `main.pyg'.


(./_minted-main/F33CEC34C4ADE3C131EE813720579EF9DEDC15E9BF0CEAD4BE29503833332C2
6.pygtex [22])
\openout3 = `main.pyg'.


(./_minted-main/7B02911B5220973C14E17B6B14E549FDDEDC15E9BF0CEAD4BE29503833332C2
6.pygtex)
\openout3 = `main.pyg'.


(./_minted-main/36B5BC2AC5C246D23FD597C739065159DEDC15E9BF0CEAD4BE29503833332C2
6.pygtex
Underfull \vbox (badness 4266) has occurred while \output is active []

 [23])
\openout3 = `main.pyg'.


(./_minted-main/96CD10B255EFD4876BFD400E5F219AF9DEDC15E9BF0CEAD4BE29503833332C2
6.pygtex [24])
\openout3 = `main.pyg'.


(./_minted-main/8F8A954B497345C7E478624F9D394E7EDEDC15E9BF0CEAD4BE29503833332C2
6.pygtex)
\openout3 = `main.pyg'.


(./_minted-main/E30D139FCCDE939CE0EA1AFF10E0883ADEDC15E9BF0CEAD4BE29503833332C2
6.pygtex [25])
\openout3 = `main.pyg'.


(./_minted-main/1F4A444730FE8F62C344DBD497A08E3DDEDC15E9BF0CEAD4BE29503833332C2
6.pygtex)
\openout3 = `main.pyg'.


(./_minted-main/3C9B29A46750713A111B2C03E7BC0D63DEDC15E9BF0CEAD4BE29503833332C2
6.pygtex [26])
\openout3 = `main.pyg'.


(./_minted-main/B0C4C15539978F2276C32CA722060DC1DEDC15E9BF0CEAD4BE29503833332C2
6.pygtex)
\openout3 = `main.pyg'.


(./_minted-main/C8F73088865404C871084FC7A9C5F53BDEDC15E9BF0CEAD4BE29503833332C2
6.pygtex [27])
\openout3 = `main.pyg'.


(./_minted-main/64F0E2E02FB185D3910D51188B2807D8DEDC15E9BF0CEAD4BE29503833332C2
6.pygtex)
\openout3 = `main.pyg'.


(./_minted-main/440A9DCEB1EC7F91D4C0E10895D6162CDEDC15E9BF0CEAD4BE29503833332C2
6.pygtex [28])
\openout3 = `main.pyg'.


(./_minted-main/8F730B44310A9FBED9B25604D303E0E3DEDC15E9BF0CEAD4BE29503833332C2
6.pygtex) [29] [30

]
Chapter 3.
[31] [32

]
Chapter 4.
\openout3 = `main.pyg'.


(./_minted-main/2D1A8C72EBF1ECA0DDE0BA1F3AC01DAB541C68F80C6A6F06151AFD63BAE50EB
C.pygtex)
\openout3 = `main.pyg'.


(./_minted-main/9C82A2637BF5F138B96B0A3E78B52B38541C68F80C6A6F06151AFD63BAE50EB
C.pygtex [33]) [34] (./main.aux)
 ***********
LaTeX2e <2023-11-01> patch level 1
L3 programming layer <2024-02-20>
 ***********
Package rerunfilecheck Info: File `main.out' has not changed.
(rerunfilecheck)             Checksum: 0017582EC361F3DDD7BAA5E51E68E5D8;4147.
runsystem(rm main.pyg)...executed.

 ) 
Here is how much of TeX's memory you used:
 14648 strings out of 476772
 317282 string characters out of 5803395
 1930839 words of memory out of 5000000
 36348 multiletter control sequences out of 15000+600000
 561413 words of font info for 77 fonts, out of 8000000 for 9000
 14 hyphenation exceptions out of 8191
 79i,8n,93p,677b,810s stack positions out of 10000i,1000n,20000p,200000b,200000s

Output written on main.pdf (34 pages).
